Command: pr_verify -full_check -initial /data/cdrewes/GPCP/designs/picorv32/axi/picorv32/picorv32.runs/impl_1/picorv32_wrapper_routed.dcp -additional /data/cdrewes/GPCP/designs/picorv32/axi/picorv32/picorv32.runs/child_0_impl_1/picorv32_wrapper_routed.dcp -file child_0_impl_1_pr_verify.log
Mon Oct 11 13:20:53 2021

INFO: [Constraints 18-1020] PR Verify Summary:
DCP1: /data/cdrewes/GPCP/designs/picorv32/axi/picorv32/picorv32.runs/impl_1/picorv32_wrapper_routed.dcp
  Number of reconfigurable modules compared = 1
  Number of partition pins compared         = 134
  Number of static tiles compared           = 15190
  Number of static sites compared           = 2041
  Number of static cells compared           = 10720
  Number of static routed nodes compared    = 139549
  Number of static routed pips compared     = 129883

DCP2: /data/cdrewes/GPCP/designs/picorv32/axi/picorv32/picorv32.runs/child_0_impl_1/picorv32_wrapper_routed.dcp
  Number of reconfigurable modules compared = 1
  Number of partition pins compared         = 134
  Number of static tiles compared           = 15190
  Number of static sites compared           = 2041
  Number of static cells compared           = 10720
  Number of static routed nodes compared    = 139549
  Number of static routed pips compared     = 129883
INFO: [Vivado 12-3253] PR_VERIFY: check points /data/cdrewes/GPCP/designs/picorv32/axi/picorv32/picorv32.runs/impl_1/picorv32_wrapper_routed.dcp and /data/cdrewes/GPCP/designs/picorv32/axi/picorv32/picorv32.runs/child_0_impl_1/picorv32_wrapper_routed.dcp are compatible
