INFO-FLOW: Workspace /data/cdrewes/GPCP/designs/ip/coprocessor_hls/solution1 opened at Mon Sep 27 21:01:12 PDT 2021
Execute     config_clock -quiet -name default -period 10 -default=false 
INFO: [SYN 201-201] Setting up clock 'default' with a period of 10ns.
Execute     open_platform DefaultPlatform 
Execute     import_lib /data/opt/Xilinx/Vivado/2018.2/common/technology/xilinx/zynq/zynq 
Execute       source /data/opt/Xilinx/Vivado/2018.2/common/technology/xilinx/common/xilinx.lib 
Execute         source /data/opt/Xilinx/Vivado/2018.2/common/technology/xilinx/interface/xilinx_interface.lib 
Execute           source /data/opt/Xilinx/Vivado/2018.2/common/technology/xilinx/interface/plb46.lib 
Execute           source /data/opt/Xilinx/Vivado/2018.2/common/technology/xilinx/interface/fsl.lib 
Execute           source /data/opt/Xilinx/Vivado/2018.2/common/technology/xilinx/interface/axi4.lib 
Execute           source /data/opt/Xilinx/Vivado/2018.2/common/technology/xilinx/interface/maxi.lib 
Execute           source /data/opt/Xilinx/Vivado/2018.2/common/technology/xilinx/interface/saxilite.lib 
Execute         source /data/opt/Xilinx/Vivado/2018.2/common/technology/xilinx/common/dsp48.lib 
Execute         source /data/opt/Xilinx/Vivado/2018.2/common/technology/xilinx/ip/dds_compiler.lib 
Execute         source /data/opt/Xilinx/Vivado/2018.2/common/technology/xilinx/ip/xfft.lib 
Execute         source /data/opt/Xilinx/Vivado/2018.2/common/technology/xilinx/ip/xfir.lib 
Execute       source /data/opt/Xilinx/Vivado/2018.2/common/technology/xilinx/common/xilinx_old.lib 
Execute       source /data/opt/Xilinx/Vivado/2018.2/common/technology/xilinx/common/xilinx_vivado.lib 
Execute       source /data/opt/Xilinx/Vivado/2018.2/common/technology/xilinx/common/xilinx.hlp 
Execute         source /data/opt/Xilinx/Vivado/2018.2/common/technology/xilinx/common/target_info.tcl 
Execute         source /data/opt/Xilinx/Vivado/2018.2/common/technology/xilinx/interface/xilinx_interface.hlp 
Execute           source /data/opt/Xilinx/Vivado/2018.2/common/technology/xilinx/interface/maxi.hlp 
Execute           source /data/opt/Xilinx/Vivado/2018.2/common/technology/xilinx/interface/saxilite.hlp 
Execute         source /data/opt/Xilinx/Vivado/2018.2/common/technology/xilinx/common/dsp48.hlp 
Execute       source /data/opt/Xilinx/Vivado/2018.2/common/technology/xilinx/zynq/dsp48e1.hlp 
Execute       get_default_platform 
Execute       config_chip_info -quiet -resource  {SLICE 13300}  {LUT 53200}     {FF 106400} {DSP48E 220}   {BRAM 280}  
Execute       config_chip_info -quiet -speed medium 
Execute       source /data/opt/Xilinx/Vivado/2018.2/common/technology/xilinx/common/xilinx.hlp 
Execute         source /data/opt/Xilinx/Vivado/2018.2/common/technology/xilinx/common/target_info.tcl 
Execute         source /data/opt/Xilinx/Vivado/2018.2/common/technology/xilinx/interface/xilinx_interface.hlp 
Execute           source /data/opt/Xilinx/Vivado/2018.2/common/technology/xilinx/interface/maxi.hlp 
Execute           source /data/opt/Xilinx/Vivado/2018.2/common/technology/xilinx/interface/saxilite.hlp 
Execute         source /data/opt/Xilinx/Vivado/2018.2/common/technology/xilinx/common/dsp48.hlp 
Execute     source /data/opt/Xilinx/Vivado/2018.2/common/technology/xilinx/zynq/zynq.gen 
Execute       source /data/opt/Xilinx/Vivado/2018.2/common/technology/xilinx/common/virtex.gen 
Execute         source /data/opt/Xilinx/Vivado/2018.2/common/technology/xilinx/common/xilinx.gen 
Execute           source /data/opt/Xilinx/Vivado/2018.2/common/technology/xilinx/interface/plb46.gen 
Execute           source /data/opt/Xilinx/Vivado/2018.2/common/technology/xilinx/interface/fsl.gen 
Execute           source /data/opt/Xilinx/Vivado/2018.2/common/technology/xilinx/interface/axi4.gen 
Execute           source /data/opt/Xilinx/Vivado/2018.2/common/technology/xilinx/interface/nativeAXI4.gen 
Execute             source /data/opt/Xilinx/Vivado/2018.2/common/technology/xilinx/interface/saxilite.gen 
Execute             source /data/opt/Xilinx/Vivado/2018.2/common/technology/xilinx/interface/maxi.gen 
Execute           source /data/opt/Xilinx/Vivado/2018.2/common/technology/xilinx/scripts/xilinxcoregen.gen 
Execute           source /data/opt/Xilinx/Vivado/2018.2/common/technology/xilinx/interface/XilEDKCoreGen.gen 
Execute           source /data/opt/Xilinx/Vivado/2018.2/common/technology/xilinx/ip/dds_compiler.gen 
Execute           source /data/opt/Xilinx/Vivado/2018.2/common/technology/xilinx/ip/util.gen 
Execute           source /data/opt/Xilinx/Vivado/2018.2/common/technology/xilinx/ip/xfft.gen 
Command           ap_source done; 0.11 sec.
Execute           source /data/opt/Xilinx/Vivado/2018.2/common/technology/xilinx/ip/xfir.gen 
Command         ap_source done; 0.15 sec.
Execute         source /data/opt/Xilinx/Vivado/2018.2/common/technology/xilinx/common/dsp48.gen 
Command       ap_source done; 0.15 sec.
Command     ap_source done; 0.15 sec.
Execute     open_platform DefaultPlatform 
Execute     import_lib /data/opt/Xilinx/Vivado/2018.2/common/technology/xilinx/zynq/zynq_fpv6 
Execute       source /data/opt/Xilinx/Vivado/2018.2/common/technology/xilinx/common/xilinx_fpv7.lib 
Execute         source /data/opt/Xilinx/Vivado/2018.2/common/technology/xilinx/common/xilinx_hp.lib 
Execute       source /data/opt/Xilinx/Vivado/2018.2/common/technology/xilinx/common/xilinx_fpv.hlp 
Execute         source /data/opt/Xilinx/Vivado/2018.2/common/technology/xilinx/common/xilinx.hlp 
Execute           source /data/opt/Xilinx/Vivado/2018.2/common/technology/xilinx/common/target_info.tcl 
Execute           source /data/opt/Xilinx/Vivado/2018.2/common/technology/xilinx/interface/xilinx_interface.hlp 
Execute             source /data/opt/Xilinx/Vivado/2018.2/common/technology/xilinx/interface/maxi.hlp 
Execute             source /data/opt/Xilinx/Vivado/2018.2/common/technology/xilinx/interface/saxilite.hlp 
Execute           source /data/opt/Xilinx/Vivado/2018.2/common/technology/xilinx/common/dsp48.hlp 
Execute       source /data/opt/Xilinx/Vivado/2018.2/common/technology/xilinx/zynq/zynq_hp.hlp 
Execute     source /data/opt/Xilinx/Vivado/2018.2/common/technology/xilinx/zynq/zynq_fpv6.gen 
Execute       source /data/opt/Xilinx/Vivado/2018.2/common/technology/xilinx/common/xilinx_fpv6.gen 
Execute     set_part xc7z020clg400-1 
Execute       add_library xilinx/zynq/zynq:xc7z020:clg400:-1 
Execute         get_default_platform 
Execute         license_isbetapart xc7z020 
Command         license_isbetapart done; error code: 1; 
Execute         get_default_platform 
Execute         config_chip_info -quiet -resource  {SLICE 13300}  {LUT 53200}     {FF 106400} {DSP48E 220}   {BRAM 280}  
Execute         config_chip_info -quiet -speed slow 
Execute       add_library xilinx/zynq/zynq_fpv6 
Execute         get_default_platform 
INFO: [HLS 200-10] Setting target device to 'xc7z020clg400-1'
Execute       get_default_platform 
Execute     get_default_platform 
Execute     config_chip_info -quiet -resource  {SLICE 13300}  {LUT 53200}     {FF 106400} {DSP48E 220}   {BRAM 280}  
Execute     config_chip_info -quiet -speed slow 
Command   open_solution done; 0.25 sec.
Execute   set_part xc7z020clg400-1 -tool vivado 
Execute     add_library xilinx/zynq/zynq:xc7z020:clg400:-1 
Execute       get_default_platform 
Execute       license_isbetapart xc7z020 
Command       license_isbetapart done; error code: 1; 
Execute       get_default_platform 
Execute       config_chip_info -quiet -resource  {SLICE 13300}  {LUT 53200}     {FF 106400} {DSP48E 220}   {BRAM 280}  
Execute       config_chip_info -quiet -speed slow 
Execute     add_library xilinx/zynq/zynq_fpv6 
Execute       get_default_platform 
Execute     get_default_platform 
Execute   create_clock -period 10 -name default 
Execute   csynth_design 
Execute     get_config_compile -effort 
Execute     get_config_compile -enable_clang39 
Execute     get_config_compile -g 
Execute     get_config_compile -lm 
Execute     get_config_compile -ng 
Execute     get_config_compile -opt_fp 
Execute     get_config_compile -skip_cdt 
Execute     get_config_compile -skip_syncheck 
Execute     get_config_compile -skip_transform 
Execute     get_config_compile -keep_printf 
Execute     elaborate -effort=medium -skip_syncheck=0 -keep_printf=0 -lm=0 -skip_cdt=0 -skip_transform=0 -ng=0 -g=0 -opt_fp=0 -from_csynth_design=1 
Execute       get_config_schedule -relax_ii_for_timing 
Execute       get_config_schedule -suppress_dependence_error_break 
INFO: [HLS 200-10] Analyzing design file 'coprocessor_hls/coprocessor.c' ... 
INFO-FLOW: Compiling one TU...
Execute       is_m_axi_addr64 
INFO-FLOW: Handling coprocessor_hls/coprocessor.c as C
Execute       get_default_platform 
Execute       is_encrypted coprocessor_hls/coprocessor.c 
INFO-FLOW: Source preprocessing
Execute       clang  -fno-limit-debug-info -gcc-toolchain "/data/opt/Xilinx/Vivado/2018.2/lnx64/tools/gcc" -hls  -fno-exceptions  -D__llvm__  -E "coprocessor_hls/coprocessor.c"     -fno-math-errno -c -emit-llvm -O0  -mllvm -disable-llvm-optzns -std=gnu89   -DAESL_SYN -D__SYNTHESIS__ -D__HLS_SYN__ -I "/data/opt/Xilinx/Vivado/2018.2/common/technology/autopilot" -I "/data/opt/Xilinx/Vivado/2018.2/common/technology/autopilot/ap_sysc" -include etc/autopilot_ssdm_op.h -D__DSP48E1__  -o "/data/cdrewes/GPCP/designs/ip/coprocessor_hls/solution1/.autopilot/db/coprocessor.pp.0.c" 
INFO-FLOW: exec /data/opt/Xilinx/Vivado/2018.2/lnx64/tools/clang/bin/clang -fno-limit-debug-info -gcc-toolchain /data/opt/Xilinx/Vivado/2018.2/lnx64/tools/gcc -hls -fno-exceptions -D__llvm__ -E coprocessor_hls/coprocessor.c -fno-math-errno -c -emit-llvm -O0 -mllvm -disable-llvm-optzns -std=gnu89 -DAESL_SYN -D__SYNTHESIS__ -D__HLS_SYN__ -I /data/opt/Xilinx/Vivado/2018.2/common/technology/autopilot -I /data/opt/Xilinx/Vivado/2018.2/common/technology/autopilot/ap_sysc -include etc/autopilot_ssdm_op.h -D__DSP48E1__ -o /data/cdrewes/GPCP/designs/ip/coprocessor_hls/solution1/.autopilot/db/coprocessor.pp.0.c
Command       clang done; 1.77 sec.
INFO-FLOW: Syntax Checking before pre-processing...
Execute       clang  -fno-limit-debug-info -gcc-toolchain "/data/opt/Xilinx/Vivado/2018.2/lnx64/tools/gcc" -hls    -fno-math-errno -c -emit-llvm -O0  -mllvm -disable-llvm-optzns -std=gnu89   -DAESL_SYN -D__SYNTHESIS__ -D__HLS_SYN__ -I "/data/opt/Xilinx/Vivado/2018.2/common/technology/autopilot" -I "/data/opt/Xilinx/Vivado/2018.2/common/technology/autopilot/ap_sysc" -include etc/autopilot_ssdm_op.h -D__DSP48E1__  "/data/cdrewes/GPCP/designs/ip/coprocessor_hls/solution1/.autopilot/db/coprocessor.pp.0.c"  -o "/data/cdrewes/GPCP/designs/ip/coprocessor_hls/solution1/.autopilot/db/useless.bc"  
INFO-FLOW: exec /data/opt/Xilinx/Vivado/2018.2/lnx64/tools/clang/bin/clang -fno-limit-debug-info -gcc-toolchain /data/opt/Xilinx/Vivado/2018.2/lnx64/tools/gcc -hls -fno-math-errno -c -emit-llvm -O0 -mllvm -disable-llvm-optzns -std=gnu89 -DAESL_SYN -D__SYNTHESIS__ -D__HLS_SYN__ -I /data/opt/Xilinx/Vivado/2018.2/common/technology/autopilot -I /data/opt/Xilinx/Vivado/2018.2/common/technology/autopilot/ap_sysc -include etc/autopilot_ssdm_op.h -D__DSP48E1__ /data/cdrewes/GPCP/designs/ip/coprocessor_hls/solution1/.autopilot/db/coprocessor.pp.0.c -o /data/cdrewes/GPCP/designs/ip/coprocessor_hls/solution1/.autopilot/db/useless.bc
Command       clang done; 1.79 sec.
INFO-FLOW: GCC PP time: 3 seconds per iteration
Execute       list_core -type functional_unit 
Execute       tidy_31 xilinx-systemc-detector /data/cdrewes/GPCP/designs/ip/coprocessor_hls/solution1/.autopilot/db/coprocessor.pp.0.c std=gnu89 -directive=/data/cdrewes/GPCP/designs/ip/coprocessor_hls/solution1/.autopilot/db/.systemc_flag 
INFO-FLOW: exec /data/opt/Xilinx/Vivado/2018.2/lnx64/tools/clang-3.9-csynth/bin/tidy-3.1 -header-filter=.* --checks=-*,xilinx-systemc-detector -import-directive=/data/cdrewes/GPCP/designs/ip/coprocessor_hls/solution1/.autopilot/db/.systemc_flag -quiet -fix-errors /data/cdrewes/GPCP/designs/ip/coprocessor_hls/solution1/.autopilot/db/coprocessor.pp.0.c -- -std=gnu89 -fhls -ferror-limit=0
INFO-FLOW: CDT Preprocessing with tidy-3.1...
Execute       tidy_31 xilinx-directive2pragma /data/cdrewes/GPCP/designs/ip/coprocessor_hls/solution1/.autopilot/db/coprocessor.pp.0.c std=gnu89 -directive=/data/cdrewes/GPCP/designs/ip/coprocessor_hls/solution1/solution1.json 
INFO-FLOW: exec /data/opt/Xilinx/Vivado/2018.2/lnx64/tools/clang-3.9-csynth/bin/tidy-3.1 -header-filter=.* --checks=-*,xilinx-directive2pragma -import-directive=/data/cdrewes/GPCP/designs/ip/coprocessor_hls/solution1/solution1.json -quiet -fix-errors /data/cdrewes/GPCP/designs/ip/coprocessor_hls/solution1/.autopilot/db/coprocessor.pp.0.c -- -std=gnu89 -fhls -ferror-limit=0
Execute       get_config_dataflow -strict_mode 
Execute       ap_eval exec -ignorestderr /data/opt/Xilinx/Vivado/2018.2/lnx64/tools/clang-3.9-csynth/bin/xilinx-dataflow-lawyer -export-fixes=/data/cdrewes/GPCP/designs/ip/coprocessor_hls/solution1/.autopilot/db/xilinx-dataflow-lawyer.coprocessor.pp.0.c.diag.yml /data/cdrewes/GPCP/designs/ip/coprocessor_hls/solution1/.autopilot/db/coprocessor.pp.0.c -- -std=gnu99 -fhls -ferror-limit=0 -fstrict-dataflow > /data/cdrewes/GPCP/designs/ip/coprocessor_hls/solution1/.autopilot/db/xilinx-dataflow-lawyer.coprocessor.pp.0.c.out.log 2> /data/cdrewes/GPCP/designs/ip/coprocessor_hls/solution1/.autopilot/db/xilinx-dataflow-lawyer.coprocessor.pp.0.c.err.log 
Execute       tidy_31 -errorcheck xilinx-constantarray-param,xilinx-resource-pragma-transformer /data/cdrewes/GPCP/designs/ip/coprocessor_hls/solution1/.autopilot/db/coprocessor.pp.0.c std=gnu89 
INFO-FLOW: exec /data/opt/Xilinx/Vivado/2018.2/lnx64/tools/clang-3.9-csynth/bin/tidy-3.1 -header-filter=.* --checks=-*,xilinx-constantarray-param,xilinx-resource-pragma-transformer -quiet -fix-errors /data/cdrewes/GPCP/designs/ip/coprocessor_hls/solution1/.autopilot/db/coprocessor.pp.0.c -- -std=gnu89 -fhls -ferror-limit=0
INFO-FLOW: exec /data/opt/Xilinx/Vivado/2018.2/lnx64/tools/clang-3.9-csynth/bin/xilinx-legacy-rewriter /data/cdrewes/GPCP/designs/ip/coprocessor_hls/solution1/.autopilot/db/coprocessor.pp.0.c -- -std=gnu89 -fhls -ferror-limit=0
INFO-FLOW: tidy-3.1 time 0 seconds per iteration
INFO-FLOW: Pragma Handling...
Execute       tidy_31 xilinx-ssdm-intrinsics-arguments /data/cdrewes/GPCP/designs/ip/coprocessor_hls/solution1/.autopilot/db/coprocessor.pragma.1.c std=gnu89 
INFO-FLOW: exec /data/opt/Xilinx/Vivado/2018.2/lnx64/tools/clang-3.9-csynth/bin/tidy-3.1 -header-filter=.* --checks=-*,xilinx-ssdm-intrinsics-arguments -quiet -fix-errors /data/cdrewes/GPCP/designs/ip/coprocessor_hls/solution1/.autopilot/db/coprocessor.pragma.1.c -- -std=gnu89 -fhls -ferror-limit=0
INFO-FLOW: Source preprocessing
Execute       clang  -fno-limit-debug-info -gcc-toolchain "/data/opt/Xilinx/Vivado/2018.2/lnx64/tools/gcc" -hls  -fno-exceptions  -D__llvm__  -E "/data/cdrewes/GPCP/designs/ip/coprocessor_hls/solution1/.autopilot/db/coprocessor.pragma.1.c"     -fno-math-errno -c -emit-llvm -O0  -mllvm -disable-llvm-optzns -std=gnu89   -DAESL_SYN -D__SYNTHESIS__ -D__HLS_SYN__ -I "/data/opt/Xilinx/Vivado/2018.2/common/technology/autopilot" -I "/data/opt/Xilinx/Vivado/2018.2/common/technology/autopilot/ap_sysc" -include etc/autopilot_ssdm_op.h -D__DSP48E1__  -o "/data/cdrewes/GPCP/designs/ip/coprocessor_hls/solution1/.autopilot/db/coprocessor.pragma.2.c" 
INFO-FLOW: exec /data/opt/Xilinx/Vivado/2018.2/lnx64/tools/clang/bin/clang -fno-limit-debug-info -gcc-toolchain /data/opt/Xilinx/Vivado/2018.2/lnx64/tools/gcc -hls -fno-exceptions -D__llvm__ -E /data/cdrewes/GPCP/designs/ip/coprocessor_hls/solution1/.autopilot/db/coprocessor.pragma.1.c -fno-math-errno -c -emit-llvm -O0 -mllvm -disable-llvm-optzns -std=gnu89 -DAESL_SYN -D__SYNTHESIS__ -D__HLS_SYN__ -I /data/opt/Xilinx/Vivado/2018.2/common/technology/autopilot -I /data/opt/Xilinx/Vivado/2018.2/common/technology/autopilot/ap_sysc -include etc/autopilot_ssdm_op.h -D__DSP48E1__ -o /data/cdrewes/GPCP/designs/ip/coprocessor_hls/solution1/.autopilot/db/coprocessor.pragma.2.c
Command       clang done; 1.57 sec.
Execute       get_default_platform 
INFO-FLOW: Processing labels
Execute       clang -src /data/cdrewes/GPCP/designs/ip/coprocessor_hls/solution1/.autopilot/db/coprocessor.pragma.2.c  -fno-limit-debug-info -gcc-toolchain /data/opt/Xilinx/Vivado/2018.2/lnx64/tools/gcc -hls -hls-analyze-label -hls-analyze-pragma -fno-exceptions  -D__llvm__  -w  "/data/cdrewes/GPCP/designs/ip/coprocessor_hls/solution1/.autopilot/db/coprocessor.pragma.2.c"    -fno-math-errno -c -emit-llvm -O0  -mllvm -disable-llvm-optzns -std=gnu89  -DAESL_SYN -D__SYNTHESIS__ -D__HLS_SYN__ -I "/data/opt/Xilinx/Vivado/2018.2/common/technology/autopilot" -I "/data/opt/Xilinx/Vivado/2018.2/common/technology/autopilot/ap_sysc" -include etc/autopilot_ssdm_op.h -D__DSP48E1__ -g -o "/data/cdrewes/GPCP/designs/ip/coprocessor_hls/solution1/.autopilot/db/coprocessor.bc" 
INFO-FLOW: exec /data/opt/Xilinx/Vivado/2018.2/lnx64/tools/clang/bin/clang -fno-limit-debug-info -gcc-toolchain /data/opt/Xilinx/Vivado/2018.2/lnx64/tools/gcc -hls -hls-analyze-label -hls-analyze-pragma -fno-exceptions -D__llvm__ -w /data/cdrewes/GPCP/designs/ip/coprocessor_hls/solution1/.autopilot/db/coprocessor.pragma.2.c -fno-math-errno -c -emit-llvm -O0 -mllvm -disable-llvm-optzns -std=gnu89 -DAESL_SYN -D__SYNTHESIS__ -D__HLS_SYN__ -I /data/opt/Xilinx/Vivado/2018.2/common/technology/autopilot -I /data/opt/Xilinx/Vivado/2018.2/common/technology/autopilot/ap_sysc -include etc/autopilot_ssdm_op.h -D__DSP48E1__ -g -o /data/cdrewes/GPCP/designs/ip/coprocessor_hls/solution1/.autopilot/db/coprocessor.bc
Command       clang done; 1.53 sec.
INFO-FLOW: Linking Debug ...
Execute       llvm-ld /data/cdrewes/GPCP/designs/ip/coprocessor_hls/solution1/.autopilot/db/coprocessor.g.bc -hls-opt -except-internalize coprocessor -L/data/opt/Xilinx/Vivado/2018.2/lnx64/lib -lhlsm -lhlsmc++ -o /data/cdrewes/GPCP/designs/ip/coprocessor_hls/solution1/.autopilot/db/a.g 
Command       llvm-ld done; 0.88 sec.
INFO: [HLS 200-111] Finished Linking Time (s): cpu = 00:00:08 ; elapsed = 00:00:08 . Memory (MB): peak = 365.852 ; gain = 0.152 ; free physical = 38268 ; free virtual = 396600
INFO: [HLS 200-111] Finished Checking Pragmas Time (s): cpu = 00:00:08 ; elapsed = 00:00:08 . Memory (MB): peak = 365.852 ; gain = 0.152 ; free physical = 38268 ; free virtual = 396600
Execute       ::config_rtl 
Execute       opt_and_import_c a -opt_level=2 -skip_syncheck=0 -ng=0 -keep_printf=0 
Execute         cleanup_all_models 
INFO: [HLS 200-10] Starting code transformations ...
Execute         transform -promote-dbg-pointer /data/cdrewes/GPCP/designs/ip/coprocessor_hls/solution1/.autopilot/db/a.pp.bc -o /data/cdrewes/GPCP/designs/ip/coprocessor_hls/solution1/.autopilot/db/a.pp.0.bc -f 
Execute         llvm-ld /data/cdrewes/GPCP/designs/ip/coprocessor_hls/solution1/.autopilot/db/a.pp.0.bc -disable-opt -L/data/opt/Xilinx/Vivado/2018.2/lnx64/lib -lfloatconversion -o /data/cdrewes/GPCP/designs/ip/coprocessor_hls/solution1/.autopilot/db/a.g.0 
Command         llvm-ld done; 0.81 sec.
INFO-FLOW: Running Standard Transforms...
Execute         transform -hls -share-std-xform -demangle-name -inline-byval-memcpy -always-inline -promote-dbg-pointer -interface-preproc -scalarrepl -mem2reg -keep-read-access -instcombine -dce -promote-dbg-pointer -bitop-raise -loop-simplify -indvarspre -indvars -loop-simplify -xunroll -constprop -instcombine -simplifycfg -indvars -simplifycfg -dce -globaldce -basicaa -simplifycfg -mem2reg -globalopt -global-constprop -deadargelim -instcombine -simplifycfg -prune-eh -simplifycfg -scalarrepl -instcombine -reassociate -licm -simplifycfg -loop-simplify -indvars -instcombine -simplifycfg -mem2reg -loop-simplify -indvars -instcombine -gvn -gvn -instcombine -adce -break-crit-edges -simplifycfg -loop-delete -global-array-opt -dce -dse -adce -find-syn-modules -top coprocessor -deadargelim -mem2reg -instcombine -dce -presyn-prepare -auto-rom-infer -interface-preproc -syn-check -check-rec-only -find-region -simplifycfg -func-extr -function-inline -globaldce -mem2reg -instcombine -dce -gvn -globaldce -adce -adse -constprop -instcombine -bit-constprop -instcombine -dce -simplifycfg -bitop-raise -simplifycfg -dce -loop-delete -reassociate -globalopt -global-privatize -mem2reg -dce -global-constprop -pointer-simplify -constprop -dce -func-inst -deadargelim -auto-shift-reg-idiom -promote-dbg-pointer -norm-name /data/cdrewes/GPCP/designs/ip/coprocessor_hls/solution1/.autopilot/db/a.g.0.bc -o /data/cdrewes/GPCP/designs/ip/coprocessor_hls/solution1/.autopilot/db/a.g.1.bc -f -phase std-opt 
INFO: [HLS 200-111] Finished Standard Transforms Time (s): cpu = 00:00:09 ; elapsed = 00:00:09 . Memory (MB): peak = 365.852 ; gain = 0.152 ; free physical = 38267 ; free virtual = 396599
INFO: [HLS 200-10] Checking synthesizability ...
INFO-FLOW: Checking Synthesizability 1/2..
Execute         transform -hls -syn-check -check-rec-only -disaggr -scalarrepl -norm-name -dce -mem2reg -instcombine -function-uniquify -directive-preproc -mem2reg -dse -dce -auto-rom-infer -dce -array-normalize -instcombine -dce -warn-fifo-pointer -array-seg-normalize -instcombine -dce -array-flatten -instcombine -dce -array-burst -dce -deadargelim -promote-global-argument -simplifycfg -mem2reg -globaldce -resolve-double-ptr -dce -deadargelim -dce -instcombine -function-inline -globaldce -dce -doublePtrSimplify -doublePtrElim -dce -doublePtrSimplify -promote-dbg-pointer -dce -scalarrepl -dse -adse -instcombine -ptrLegalization -simplifycfg -dce -instcombine -pointer-simplify -ptrArgReplace -dce -instcombine -disaggr -scalarrepl -norm-name -dce -mem2reg -instcombine -ptrLegalization -simplifycfg -deadargelim -instcombine -dce -inst-simplify -function-uniquify -directive-preproc -mem2reg -dse -dce -globaldce /data/cdrewes/GPCP/designs/ip/coprocessor_hls/solution1/.autopilot/db/a.g.1.bc -o /data/cdrewes/GPCP/designs/ip/coprocessor_hls/solution1/.autopilot/db/a.g.2.prechk.bc -f 
INFO-FLOW: Checking Synthesizability 2/2..
Execute         transform -syn-check /data/cdrewes/GPCP/designs/ip/coprocessor_hls/solution1/.autopilot/db/a.g.2.prechk.bc -o /data/cdrewes/GPCP/designs/ip/coprocessor_hls/solution1/.autopilot/db/a.g.2.bc -f -phase syn-check 
WARNING: [SYNCHK 200-77] The top function 'coprocessor' (coprocessor_hls/coprocessor.c:1) has no outputs. Possible cause(s) are: (1) Output parameters are passed by value; (2) intended outputs (parameters or global variables) are never written; (3) there are infinite loops.
INFO: [SYNCHK 200-10] 0 error(s), 1 warning(s).
INFO: [HLS 200-111] Finished Checking Synthesizability Time (s): cpu = 00:00:09 ; elapsed = 00:00:09 . Memory (MB): peak = 365.852 ; gain = 0.152 ; free physical = 38267 ; free virtual = 396599
INFO-FLOW: Compiler optimizing ...
INFO-FLOW: Share syncheck's 1.bc for syn flow: copy /data/cdrewes/GPCP/designs/ip/coprocessor_hls/solution1/.autopilot/db/a.g.1.bc to /data/cdrewes/GPCP/designs/ip/coprocessor_hls/solution1/.autopilot/db/a.o.1.bc
INFO-FLOW: Presyn 1...
Execute         transform -hls -tmp /data/cdrewes/GPCP/designs/ip/coprocessor_hls/solution1/.autopilot/db -interface-port-rename -type-info -function-uniquify -directive-preproc -mem2reg -dse -dce -disaggr -scalarrepl -norm-name -deadargelim -mem2reg -instcombine -dce -simplifycfg -auto-rom-infer -dce -function-uniquify -resource-proc -simplifycfg -mem2reg -globaldce -resolve-double-ptr -dce -deadargelim -dce -instcombine -clib-intrinsic-prepare -dce -func-buffer -dce -array-normalize -func-legal -instcombine -gvn -constprop -dce -ptrArgReplace -mem2reg -instcombine -dce -array-seg-normalize -deadargelim -instcombine -dce -pointer-simplify -dce -port-alignment -dce -interface-preproc -data-pack -instcombine -dce -basicaa -aggr-aa -aggrmodref-aa -aggr-aa -gvn -gvn -basicaa -aggr-aa -aggrmodref-aa -aggr-aa -dse -adse -adce -loop-simplify -indvars -instcombine -gvn -loop-simplify -mem2reg -dce -find-region -instcombine -auto-loop-pipeline -inst-simplify -interface-preproc -cfgopt -instcombine -indvars -auto-loop-unroll -loop-simplify -loop-bound -xunroll -constprop -instcombine -simplifycfg -indvars -simplifycfg -dce -globaldce -clean-region -attach-range -gvn -inst-simplify -constprop -simplifycfg -dce -pointer-simplify -dce -globalopt -constprop -dce -array-promote -constprop -instcombine -dce -ptrArgReplace -mem2reg -instcombine -simplifycfg -dce -auto-par -instcombine -dce -array-transform-check -array-reshape -instcombine -simplifycfg -dce -ptrArgReplace -deadargelim -mem2reg -instcombine -simplifycfg -dce -indvars -loop-simplify -loop-bound -xunroll -constprop -instcombine -simplifycfg -indvars -simplifycfg -dce -globaldce -duplicate-dataflow-processes -globaldce -instcombine -array-partition -instcombine -simplifycfg -dce -ptrArgReplace -global-constprop -deadargelim -mem2reg -func-legal -instcombine -dce -global-constprop -deadargelim -mem2reg -instcombine -simplifycfg -dce -merge-param -deadargelim -globalopt -constprop -dce -array-promote -constprop -instcombine -dce -ptrArgReplace -mem2reg -instcombine -simplifycfg -dce -mem-intrinsic-preproc -dce -global-internalize -global-privatize -mem2reg -globaldce -promote-global-argument -ptrArgReplace -mem2reg -instcombine -dce -globalopt -mergereturn -simplify-global-access -mem2reg -dce -pointer-simplify -dce -functionattrs -basicaa -aggr-aa -aggrmodref-aa -aggr-aa -gvn -gvn -basicaa -aggr-aa -aggrmodref-aa -aggr-aa -dse -adse -adce -inst-simplify -dce -norm-name -function-inline -globaldce -func-inst -constprop -instcombine -simplifycfg -dce -func-legal -dce -loop-bound -arraycheck -bitwidthmin -on-by-dataflow -loop-delete -instcombine -simplifycfg -globaldce -dce -gvn -deadargelim -dce -loop-simplify -clean-region -simplifycfg -propagate-stable-arguments -loop-stream -instcombine -simplifycfg -dce -globaldce -duplicate-dataflow-processes -stream-intrinsic-preproc -dce -check-ap-stream -loop-simplify -eliminate-keepreads -extract-dataflow-in-loop -loop-simplify -dce -gvn -deadargelim -dse -check-dataflow-syntax -legalize-stream-variable -legalize-global -extract-subproc -dce -dead-channel-elimination -canonicalize-gep -globaldce -dce -gvn -deadargelim -annotate-dataflow-channels -scalar-propagation -deadargelim -globaldce -mem2reg -check-dataflow-channels -function-stream -dce -globaldce -prop-fifo-spec -internal-stream-gen -canonicalize-gep -globaldce -dce -gvn -deadargelim -mergereturn -indvars -loop-simplify -instcombine -array-stream -array-seg-normalize -array-partition -func-legal -instcombine -simplifycfg -dce -bundle-memfifo-ops -deadargelim -function-uniquify -directive-preproc -mem2reg -dse -dce -group-axi-access -licm -simplifycfg -dce -loop-delete -norm-name /data/cdrewes/GPCP/designs/ip/coprocessor_hls/solution1/.autopilot/db/a.o.1.bc -o /data/cdrewes/GPCP/designs/ip/coprocessor_hls/solution1/.autopilot/db/a.o.1.tmp.bc -f 
INFO-FLOW: Presyn 2...
Execute         transform -hls -keep-callgraph -scalarrepl -mem2reg -port-alignment -attach-range -dce -pipe-mux-gen -indvars -loop-bound -inst-simplify -instcombine -dce -merge-array-access -mem2reg -dce -clean-region -mergereturn -if-conv -instcombine -dce -constprop -basicaa -aggr-aa -aggrmodref-aa -aggr-aa -gvn -gvn -basicaa -aggr-aa -aggrmodref-aa -aggr-aa -dse -adse -adce -scalarrepl -mem2reg -global-constprop -deadargelim -deadargelim -instcombine -dce -simplifycfg -ptrArgReplace -mem2reg -function-inline -globaldce -mem2reg -instcombine -dce -expr-balance -instcombine -dce -bitwidthmin -interface-preproc -directive-preproc -inst-rectify -instcombine -dce -functionattrs -constprop -instcombine -bit-constprop -simplify-global-access -globalopt -globaldce -inst-simplify -instcombine -elimdeaddata -dce -loop-delete -simplifycfg -loop-simplify -auto-burst -norm-name /data/cdrewes/GPCP/designs/ip/coprocessor_hls/solution1/.autopilot/db/a.o.1.tmp.bc -o /data/cdrewes/GPCP/designs/ip/coprocessor_hls/solution1/.autopilot/db/a.o.2.bc -f -phase presyn 
INFO: [HLS 200-111] Finished Pre-synthesis Time (s): cpu = 00:00:09 ; elapsed = 00:00:09 . Memory (MB): peak = 493.699 ; gain = 128.000 ; free physical = 38248 ; free virtual = 396581
INFO-FLOW: Building ssdm...
Execute         transform -hls -function-uniquify -auto-function-inline -globaldce -ptrArgReplace -mem2reg -instcombine -dce -reset-lda -loop-simplify -indvars -licm -loop-dep -loop-bound -licm -loop-simplify -flattenloopnest -array-flatten -gvn -instcombine -dce -array-map -dce -func-legal -gvn -adce -instcombine -cfgopt -simplifycfg -loop-simplify -array-burst -promote-global-argument -dce -axi4-lower -array-seg-normalize -basicaa -aggrmodref-aa -globalsmodref-aa -aggr-aa -gvn -gvn -basicaa -aggrmodref-aa -globalsmodref-aa -aggr-aa -dse -adse -adce -licm -inst-simplify -dce -globaldce -instcombine -array-stream -eliminate-keepreads -instcombine -dce -deadargelim -doublePtrSimplify -doublePtrElim -dce -doublePtrSimplify -promote-dbg-pointer -dce -scalarrepl -mem2reg -disaggr -norm-name -mem2reg -instcombine -dse -adse -adce -ptrLegalization -dce -auto-rom-infer -array-flatten -dce -instcombine -check-doubleptr -loop-rot -constprop -cfgopt -simplifycfg -loop-simplify -indvars -pointer-simplify -dce -loop-bound -loop-simplify -loop-preproc -constprop -global-constprop -gvn -mem2reg -instcombine -dce -loop-bound -loop-merge -dce -bitwidthmin -deadargelim -dce -canonicalize-dataflow -dce -scalar-propagation -deadargelim -globaldce -mem2reg -read-loop-dep -interface-preproc -directive-preproc -interface-gen -bram-byte-enable -deadargelim -inst-simplify -dce -gvn -mem2reg -instcombine -dce -adse -loop-bound -instcombine -cfgopt -simplifycfg -loop-simplify -clean-region -io-protocol -find-region -mem2reg -bitop-raise -inst-simplify -inst-rectify -instcombine -adce -deadargelim -loop-simplify -phi-opt -bitop-raise -cfgopt -simplifycfg -strip-dead-prototypes -interface-lower -bitop-lower -intrinsic-lower -auto-function-inline -basicaa -aggrmodref-aa -globalsmodref-aa -aggr-aa -inst-simplify -simplifycfg -loop-simplify -mergereturn -inst-simplify -inst-rectify -dce -load-elim -bitop-lower -loop-rewind -pointer-simplify -dce -cfgopt -dce -bitwidth -loop-dep -read-loop-dep -dce -check-stream -norm-name -legalize -validate-dataflow -dead-allocation-elimination -cdfg-build /data/cdrewes/GPCP/designs/ip/coprocessor_hls/solution1/.autopilot/db/a.o.2.bc -o /data/cdrewes/GPCP/designs/ip/coprocessor_hls/solution1/.autopilot/db/a.o.3.bc -f -phase build-ssdm 
INFO: [HLS 200-111] Finished Architecture Synthesis Time (s): cpu = 00:00:09 ; elapsed = 00:00:09 . Memory (MB): peak = 493.699 ; gain = 128.000 ; free physical = 38255 ; free virtual = 396587
INFO-FLOW: Finish building internal data model.
Command       opt_and_import_c done; 0.92 sec.
Command     elaborate done; 8.59 sec.
Execute     autosyn -from_csynth_design=1 
INFO: [HLS 200-10] Starting hardware synthesis ...
INFO-FLOW: Synthesizing C/C++ design ...
INFO: [HLS 200-10] Synthesizing 'coprocessor' ...
Execute       ap_set_top_model coprocessor 
Execute       get_model_list coprocessor -filter all-wo-channel -topdown 
Execute       preproc_iomode -model coprocessor 
Execute       get_model_list coprocessor -filter all-wo-channel 
INFO-FLOW: Model list for configure: coprocessor
INFO-FLOW: Configuring Module : coprocessor ...
Execute       set_default_model coprocessor 
Execute       apply_spec_resource_limit coprocessor 
INFO-FLOW: Model list for preprocess: coprocessor
INFO-FLOW: Preprocessing Module: coprocessor ...
Execute       set_default_model coprocessor 
Execute       cdfg_preprocess -model coprocessor 
Execute       rtl_gen_preprocess coprocessor 
INFO-FLOW: Model list for synthesis: coprocessor
INFO: [HLS 200-10] ----------------------------------------------------------------
INFO: [HLS 200-42] -- Implementing module 'coprocessor' 
INFO: [HLS 200-10] ----------------------------------------------------------------
Execute       set_default_model coprocessor 
Execute       schedule -model coprocessor 
INFO: [SCHED 204-11] Starting scheduling ...
INFO: [SCHED 204-11] Finished scheduling.
INFO: [HLS 200-111]  Elapsed time: 9.2 seconds; current allocated memory: 60.020 MB.
Execute       report -o /data/cdrewes/GPCP/designs/ip/coprocessor_hls/solution1/.autopilot/db/coprocessor.verbose.sched.rpt -verbose -f 
Execute       db_write -o /data/cdrewes/GPCP/designs/ip/coprocessor_hls/solution1/.autopilot/db/coprocessor.sched.adb -f 
INFO-FLOW: Finish scheduling coprocessor.
Execute       set_default_model coprocessor 
Execute       bind -model coprocessor 
BIND OPTION: fu_weight=[ 0.0 -- 1.0 ]
BIND OPTION: model=coprocessor
BIND OPTION: reg_weight=[ 0.0 -- 1.0 ]
INFO: [BIND 205-100] Starting micro-architecture generation ...
INFO: [BIND 205-101] Performing variable lifetime analysis.
INFO: [BIND 205-101] Exploring resource sharing.
INFO: [BIND 205-101] Binding ...
INFO: [BIND 205-100] Finished micro-architecture generation.
INFO: [HLS 200-111]  Elapsed time: 0 seconds; current allocated memory: 60.055 MB.
Execute       report -o /data/cdrewes/GPCP/designs/ip/coprocessor_hls/solution1/.autopilot/db/coprocessor.verbose.bind.rpt -verbose -f 
Execute       db_write -o /data/cdrewes/GPCP/designs/ip/coprocessor_hls/solution1/.autopilot/db/coprocessor.bind.adb -f 
INFO-FLOW: Finish binding coprocessor.
Execute       get_model_list coprocessor -filter all-wo-channel 
INFO-FLOW: Preprocessing for RTLGen ...
Execute       rtl_gen_preprocess coprocessor 
INFO-FLOW: Model list for RTL generation: coprocessor
INFO: [HLS 200-10] ----------------------------------------------------------------
INFO: [HLS 200-10] -- Generating RTL for module 'coprocessor' 
INFO: [HLS 200-10] ----------------------------------------------------------------
Execute       get_config_rtl -prefix 
Execute       get_config_rtl -auto_prefix 
Execute       create_rtl_model coprocessor -vendor xilinx -mg_file /data/cdrewes/GPCP/designs/ip/coprocessor_hls/solution1/.autopilot/db/coprocessor.compgen.tcl 
INFO: [RTGEN 206-500] Setting interface mode on function 'coprocessor' to 'ap_ctrl_hs'.
INFO: [RTGEN 206-100] Finished creating RTL model for 'coprocessor'.
INFO: [HLS 200-111]  Elapsed time: 0.01 seconds; current allocated memory: 60.154 MB.
Execute       source /data/cdrewes/GPCP/designs/ip/coprocessor_hls/solution1/.autopilot/db/coprocessor.rtl_wrap.cfg.tcl 
Execute       gen_rtl coprocessor -istop -style xilinx -tracefl mytrace -tracefmt vcd -traceopt all -f -lang sc -o /data/cdrewes/GPCP/designs/ip/coprocessor_hls/solution1/syn/systemc/coprocessor -synmodules coprocessor 
Execute       gen_rtl coprocessor -istop -style xilinx -f -lang vhdl -o /data/cdrewes/GPCP/designs/ip/coprocessor_hls/solution1/syn/vhdl/coprocessor 
Execute       gen_rtl coprocessor -istop -style xilinx -f -lang vlog -o /data/cdrewes/GPCP/designs/ip/coprocessor_hls/solution1/syn/verilog/coprocessor 
Execute       export_constraint_db -o /data/cdrewes/GPCP/designs/ip/coprocessor_hls/solution1/.autopilot/db/coprocessor.constraint.tcl -f -tool general 
Execute       report -model coprocessor -o /data/cdrewes/GPCP/designs/ip/coprocessor_hls/solution1/.autopilot/db/coprocessor.design.xml -verbose -f -dv 
Execute       report -model coprocessor -o /data/cdrewes/GPCP/designs/ip/coprocessor_hls/solution1/.autopilot/db/coprocessor.sdaccel.xml -verbose -f -sdaccel 
Execute       gen_tb_info coprocessor -o /data/cdrewes/GPCP/designs/ip/coprocessor_hls/solution1/.autopilot/db/coprocessor -p /data/cdrewes/GPCP/designs/ip/coprocessor_hls/solution1/.autopilot/db 
Execute       report -model coprocessor -o /data/cdrewes/GPCP/designs/ip/coprocessor_hls/solution1/syn/report/coprocessor_csynth.rpt -f 
Execute       report -model coprocessor -o /data/cdrewes/GPCP/designs/ip/coprocessor_hls/solution1/syn/report/coprocessor_csynth.xml -f -x 
Execute       report -model coprocessor -o /data/cdrewes/GPCP/designs/ip/coprocessor_hls/solution1/.autopilot/db/coprocessor.verbose.rpt -verbose -f 
Execute       db_write -model coprocessor -o /data/cdrewes/GPCP/designs/ip/coprocessor_hls/solution1/.autopilot/db/coprocessor.adb -f 
Execute       sc_get_clocks coprocessor 
Execute       sc_get_portdomain coprocessor 
INFO-FLOW: Model list for RTL component generation: coprocessor
INFO-FLOW: Handling components in module [coprocessor] ... 
Execute       source /data/cdrewes/GPCP/designs/ip/coprocessor_hls/solution1/.autopilot/db/coprocessor.compgen.tcl 
INFO-FLOW: Append model coprocessor
INFO-FLOW: Generating RTL model list ...
INFO-FLOW: All models in this session: coprocessor
INFO-FLOW: To file: write model coprocessor
INFO-FLOW: Finished generating RTL model list.


INFO-FLOW: RTL Generation done.
INFO-FLOW: CAS Generation done.
INFO-FLOW: CBC Generation done.
Execute       get_config_sdx -target 
Execute       source /data/cdrewes/GPCP/designs/ip/coprocessor_hls/solution1/.autopilot/db/global.setting.tcl 
Execute       source /data/opt/Xilinx/Vivado/2018.2/common/technology/generic/autopilot/common.gen 
Execute         source /data/opt/Xilinx/Vivado/2018.2/common/technology/generic/autopilot/APCoreGen.gen 
Execute       source /data/opt/Xilinx/Vivado/2018.2/common/technology/generic/autopilot/op.gen 
Execute       source /data/opt/Xilinx/Vivado/2018.2/common/technology/generic/autopilot/op_simcore.gen 
Execute       source /data/opt/Xilinx/Vivado/2018.2/common/technology/generic/autopilot/interface.gen 
Execute       source /data/cdrewes/GPCP/designs/ip/coprocessor_hls/solution1/.autopilot/db/global.setting.tcl 
Execute       source /data/opt/Xilinx/Vivado/2018.2/common/technology/xilinx/zynq/zynq.gen 
Execute         source /data/opt/Xilinx/Vivado/2018.2/common/technology/xilinx/common/virtex.gen 
Execute           source /data/opt/Xilinx/Vivado/2018.2/common/technology/xilinx/common/xilinx.gen 
Execute             source /data/opt/Xilinx/Vivado/2018.2/common/technology/xilinx/interface/plb46.gen 
Execute             source /data/opt/Xilinx/Vivado/2018.2/common/technology/xilinx/interface/fsl.gen 
Execute             source /data/opt/Xilinx/Vivado/2018.2/common/technology/xilinx/interface/axi4.gen 
Execute             source /data/opt/Xilinx/Vivado/2018.2/common/technology/xilinx/interface/nativeAXI4.gen 
Execute               source /data/opt/Xilinx/Vivado/2018.2/common/technology/xilinx/interface/saxilite.gen 
Execute               source /data/opt/Xilinx/Vivado/2018.2/common/technology/xilinx/interface/maxi.gen 
Execute             source /data/opt/Xilinx/Vivado/2018.2/common/technology/xilinx/scripts/xilinxcoregen.gen 
Execute             source /data/opt/Xilinx/Vivado/2018.2/common/technology/xilinx/interface/XilEDKCoreGen.gen 
Execute             source /data/opt/Xilinx/Vivado/2018.2/common/technology/xilinx/ip/dds_compiler.gen 
Execute             source /data/opt/Xilinx/Vivado/2018.2/common/technology/xilinx/ip/util.gen 
Execute             source /data/opt/Xilinx/Vivado/2018.2/common/technology/xilinx/ip/xfft.gen 
Execute             source /data/opt/Xilinx/Vivado/2018.2/common/technology/xilinx/ip/xfir.gen 
Command           ap_source done; 0.13 sec.
Execute           source /data/opt/Xilinx/Vivado/2018.2/common/technology/xilinx/common/dsp48.gen 
Command         ap_source done; 0.14 sec.
Command       ap_source done; 0.14 sec.
Execute       source /data/opt/Xilinx/Vivado/2018.2/common/technology/xilinx/zynq/zynq_fpv6.gen 
Execute         source /data/opt/Xilinx/Vivado/2018.2/common/technology/xilinx/common/xilinx_fpv6.gen 
Execute       source /data/cdrewes/GPCP/designs/ip/coprocessor_hls/solution1/.autopilot/db/global.setting.tcl 
Execute       source /data/cdrewes/GPCP/designs/ip/coprocessor_hls/solution1/.autopilot/db/global.setting.tcl 
Execute       source /data/cdrewes/GPCP/designs/ip/coprocessor_hls/solution1/.autopilot/db/global.setting.tcl 
Execute       source /data/cdrewes/GPCP/designs/ip/coprocessor_hls/solution1/.autopilot/db/coprocessor.compgen.tcl 
Execute       get_config_sdx -target 
Execute       source /data/cdrewes/GPCP/designs/ip/coprocessor_hls/solution1/.autopilot/db/global.setting.tcl 
Execute       source /data/opt/Xilinx/Vivado/2018.2/common/technology/generic/autopilot/common.gen 
Execute         source /data/opt/Xilinx/Vivado/2018.2/common/technology/generic/autopilot/APCoreGen.gen 
Execute       source /data/opt/Xilinx/Vivado/2018.2/common/technology/generic/autopilot/op.gen 
Execute       source /data/opt/Xilinx/Vivado/2018.2/common/technology/generic/autopilot/op_simcore.gen 
Execute       source /data/opt/Xilinx/Vivado/2018.2/common/technology/generic/autopilot/interface.gen 
Execute       source /data/cdrewes/GPCP/designs/ip/coprocessor_hls/solution1/.autopilot/db/global.setting.tcl 
Execute       source /data/opt/Xilinx/Vivado/2018.2/common/technology/xilinx/zynq/zynq.gen 
Execute         source /data/opt/Xilinx/Vivado/2018.2/common/technology/xilinx/common/virtex.gen 
Execute           source /data/opt/Xilinx/Vivado/2018.2/common/technology/xilinx/common/xilinx.gen 
Execute             source /data/opt/Xilinx/Vivado/2018.2/common/technology/xilinx/interface/plb46.gen 
Execute             source /data/opt/Xilinx/Vivado/2018.2/common/technology/xilinx/interface/fsl.gen 
Execute             source /data/opt/Xilinx/Vivado/2018.2/common/technology/xilinx/interface/axi4.gen 
Execute             source /data/opt/Xilinx/Vivado/2018.2/common/technology/xilinx/interface/nativeAXI4.gen 
Execute               source /data/opt/Xilinx/Vivado/2018.2/common/technology/xilinx/interface/saxilite.gen 
Execute               source /data/opt/Xilinx/Vivado/2018.2/common/technology/xilinx/interface/maxi.gen 
Execute             source /data/opt/Xilinx/Vivado/2018.2/common/technology/xilinx/scripts/xilinxcoregen.gen 
Execute             source /data/opt/Xilinx/Vivado/2018.2/common/technology/xilinx/interface/XilEDKCoreGen.gen 
Execute             source /data/opt/Xilinx/Vivado/2018.2/common/technology/xilinx/ip/dds_compiler.gen 
Execute             source /data/opt/Xilinx/Vivado/2018.2/common/technology/xilinx/ip/util.gen 
Execute             source /data/opt/Xilinx/Vivado/2018.2/common/technology/xilinx/ip/xfft.gen 
Execute             source /data/opt/Xilinx/Vivado/2018.2/common/technology/xilinx/ip/xfir.gen 
Command           ap_source done; 0.12 sec.
Execute           source /data/opt/Xilinx/Vivado/2018.2/common/technology/xilinx/common/dsp48.gen 
Command         ap_source done; 0.12 sec.
Command       ap_source done; 0.12 sec.
Execute       source /data/opt/Xilinx/Vivado/2018.2/common/technology/xilinx/zynq/zynq_fpv6.gen 
Execute         source /data/opt/Xilinx/Vivado/2018.2/common/technology/xilinx/common/xilinx_fpv6.gen 
Execute       source /data/cdrewes/GPCP/designs/ip/coprocessor_hls/solution1/.autopilot/db/coprocessor.rtl_wrap.cfg.tcl 
Execute       source /data/cdrewes/GPCP/designs/ip/coprocessor_hls/solution1/.autopilot/db/coprocessor.rtl_wrap.cfg.tcl 
Execute       source /data/cdrewes/GPCP/designs/ip/coprocessor_hls/solution1/.autopilot/db/coprocessor.rtl_wrap.cfg.tcl 
Execute       source /data/cdrewes/GPCP/designs/ip/coprocessor_hls/solution1/.autopilot/db/coprocessor.tbgen.tcl 
Execute       source /data/cdrewes/GPCP/designs/ip/coprocessor_hls/solution1/.autopilot/db/coprocessor.tbgen.tcl 
Execute       source /data/cdrewes/GPCP/designs/ip/coprocessor_hls/solution1/.autopilot/db/global.setting.tcl 
Execute       source /data/cdrewes/GPCP/designs/ip/coprocessor_hls/solution1/.autopilot/db/coprocessor.compgen.tcl 
Execute       source /data/cdrewes/GPCP/designs/ip/coprocessor_hls/solution1/.autopilot/db/global.setting.tcl 
Execute       source /data/cdrewes/GPCP/designs/ip/coprocessor_hls/solution1/.autopilot/db/coprocessor.compgen.tcl 
Execute       source /data/cdrewes/GPCP/designs/ip/coprocessor_hls/solution1/.autopilot/db/global.setting.tcl 
Execute       source /data/cdrewes/GPCP/designs/ip/coprocessor_hls/solution1/.autopilot/db/coprocessor.compgen.tcl 
Execute       source /data/cdrewes/GPCP/designs/ip/coprocessor_hls/solution1/.autopilot/db/global.setting.tcl 
Execute       source /data/cdrewes/GPCP/designs/ip/coprocessor_hls/solution1/.autopilot/db/coprocessor.constraint.tcl 
Execute       source /data/cdrewes/GPCP/designs/ip/coprocessor_hls/solution1/.autopilot/db/global.setting.tcl 
Execute       source /data/cdrewes/GPCP/designs/ip/coprocessor_hls/solution1/.autopilot/db/coprocessor.rtl_wrap.cfg.tcl 
Execute       source /data/cdrewes/GPCP/designs/ip/coprocessor_hls/solution1/.autopilot/db/coprocessor.rtl_wrap.cfg.tcl 
Execute       source /data/cdrewes/GPCP/designs/ip/coprocessor_hls/solution1/.autopilot/db/coprocessor.rtl_wrap.cfg.tcl 
Execute       source /data/cdrewes/GPCP/designs/ip/coprocessor_hls/solution1/.autopilot/db/coprocessor.tbgen.tcl 
Execute       source /data/cdrewes/GPCP/designs/ip/coprocessor_hls/solution1/.autopilot/db/coprocessor.tbgen.tcl 
Execute       source /data/cdrewes/GPCP/designs/ip/coprocessor_hls/solution1/.autopilot/db/global.setting.tcl 
Execute       source /data/cdrewes/GPCP/designs/ip/coprocessor_hls/solution1/.autopilot/db/global.setting.tcl 
Execute       source /data/cdrewes/GPCP/designs/ip/coprocessor_hls/solution1/.autopilot/db/coprocessor.tbgen.tcl 
Execute       source /data/cdrewes/GPCP/designs/ip/coprocessor_hls/solution1/.autopilot/db/global.setting.tcl 
Execute       source /data/cdrewes/GPCP/designs/ip/coprocessor_hls/solution1/.autopilot/db/coprocessor.constraint.tcl 
Execute       source /data/cdrewes/GPCP/designs/ip/coprocessor_hls/solution1/.autopilot/db/global.setting.tcl 
Execute       get_config_sdx -target 
Execute       get_config_sdx -profile 
Execute       ::config_rtl 
INFO: [HLS 200-111] Finished generating all RTL models Time (s): cpu = 00:00:09 ; elapsed = 00:00:10 . Memory (MB): peak = 493.699 ; gain = 128.000 ; free physical = 38245 ; free virtual = 396577
INFO: [SYSC 207-301] Generating SystemC RTL for coprocessor.
INFO: [VHDL 208-304] Generating VHDL RTL for coprocessor.
INFO: [VLOG 209-307] Generating Verilog RTL for coprocessor.
Command     autosyn done; 0.38 sec.
Command   csynth_design done; 8.98 sec.
Command ap_source done; 9.26 sec.
Execute cleanup_all 
INFO-FLOW: Workspace /data/cdrewes/GPCP/designs/ip/coprocessor_hls/solution1 opened at Mon Sep 27 21:02:15 PDT 2021
Execute     config_clock -quiet -name default -period 10 -default=false 
INFO: [SYN 201-201] Setting up clock 'default' with a period of 10ns.
Execute     open_platform DefaultPlatform 
Execute     import_lib /data/opt/Xilinx/Vivado/2018.2/common/technology/xilinx/zynq/zynq 
Execute       source /data/opt/Xilinx/Vivado/2018.2/common/technology/xilinx/common/xilinx.lib 
Execute         source /data/opt/Xilinx/Vivado/2018.2/common/technology/xilinx/interface/xilinx_interface.lib 
Execute           source /data/opt/Xilinx/Vivado/2018.2/common/technology/xilinx/interface/plb46.lib 
Execute           source /data/opt/Xilinx/Vivado/2018.2/common/technology/xilinx/interface/fsl.lib 
Execute           source /data/opt/Xilinx/Vivado/2018.2/common/technology/xilinx/interface/axi4.lib 
Execute           source /data/opt/Xilinx/Vivado/2018.2/common/technology/xilinx/interface/maxi.lib 
Execute           source /data/opt/Xilinx/Vivado/2018.2/common/technology/xilinx/interface/saxilite.lib 
Execute         source /data/opt/Xilinx/Vivado/2018.2/common/technology/xilinx/common/dsp48.lib 
Execute         source /data/opt/Xilinx/Vivado/2018.2/common/technology/xilinx/ip/dds_compiler.lib 
Execute         source /data/opt/Xilinx/Vivado/2018.2/common/technology/xilinx/ip/xfft.lib 
Execute         source /data/opt/Xilinx/Vivado/2018.2/common/technology/xilinx/ip/xfir.lib 
Execute       source /data/opt/Xilinx/Vivado/2018.2/common/technology/xilinx/common/xilinx_old.lib 
Execute       source /data/opt/Xilinx/Vivado/2018.2/common/technology/xilinx/common/xilinx_vivado.lib 
Execute       source /data/opt/Xilinx/Vivado/2018.2/common/technology/xilinx/common/xilinx.hlp 
Execute         source /data/opt/Xilinx/Vivado/2018.2/common/technology/xilinx/common/target_info.tcl 
Execute         source /data/opt/Xilinx/Vivado/2018.2/common/technology/xilinx/interface/xilinx_interface.hlp 
Execute           source /data/opt/Xilinx/Vivado/2018.2/common/technology/xilinx/interface/maxi.hlp 
Execute           source /data/opt/Xilinx/Vivado/2018.2/common/technology/xilinx/interface/saxilite.hlp 
Execute         source /data/opt/Xilinx/Vivado/2018.2/common/technology/xilinx/common/dsp48.hlp 
Execute       source /data/opt/Xilinx/Vivado/2018.2/common/technology/xilinx/zynq/dsp48e1.hlp 
Execute       get_default_platform 
Execute       config_chip_info -quiet -resource  {SLICE 13300}  {LUT 53200}     {FF 106400} {DSP48E 220}   {BRAM 280}  
Execute       config_chip_info -quiet -speed medium 
Execute       source /data/opt/Xilinx/Vivado/2018.2/common/technology/xilinx/common/xilinx.hlp 
Execute         source /data/opt/Xilinx/Vivado/2018.2/common/technology/xilinx/common/target_info.tcl 
Execute         source /data/opt/Xilinx/Vivado/2018.2/common/technology/xilinx/interface/xilinx_interface.hlp 
Execute           source /data/opt/Xilinx/Vivado/2018.2/common/technology/xilinx/interface/maxi.hlp 
Execute           source /data/opt/Xilinx/Vivado/2018.2/common/technology/xilinx/interface/saxilite.hlp 
Execute         source /data/opt/Xilinx/Vivado/2018.2/common/technology/xilinx/common/dsp48.hlp 
Execute     source /data/opt/Xilinx/Vivado/2018.2/common/technology/xilinx/zynq/zynq.gen 
Execute       source /data/opt/Xilinx/Vivado/2018.2/common/technology/xilinx/common/virtex.gen 
Execute         source /data/opt/Xilinx/Vivado/2018.2/common/technology/xilinx/common/xilinx.gen 
Execute           source /data/opt/Xilinx/Vivado/2018.2/common/technology/xilinx/interface/plb46.gen 
Execute           source /data/opt/Xilinx/Vivado/2018.2/common/technology/xilinx/interface/fsl.gen 
Execute           source /data/opt/Xilinx/Vivado/2018.2/common/technology/xilinx/interface/axi4.gen 
Execute           source /data/opt/Xilinx/Vivado/2018.2/common/technology/xilinx/interface/nativeAXI4.gen 
Execute             source /data/opt/Xilinx/Vivado/2018.2/common/technology/xilinx/interface/saxilite.gen 
Execute             source /data/opt/Xilinx/Vivado/2018.2/common/technology/xilinx/interface/maxi.gen 
Execute           source /data/opt/Xilinx/Vivado/2018.2/common/technology/xilinx/scripts/xilinxcoregen.gen 
Execute           source /data/opt/Xilinx/Vivado/2018.2/common/technology/xilinx/interface/XilEDKCoreGen.gen 
Execute           source /data/opt/Xilinx/Vivado/2018.2/common/technology/xilinx/ip/dds_compiler.gen 
Execute           source /data/opt/Xilinx/Vivado/2018.2/common/technology/xilinx/ip/util.gen 
Execute           source /data/opt/Xilinx/Vivado/2018.2/common/technology/xilinx/ip/xfft.gen 
Command           ap_source done; 0.11 sec.
Execute           source /data/opt/Xilinx/Vivado/2018.2/common/technology/xilinx/ip/xfir.gen 
Command         ap_source done; 0.15 sec.
Execute         source /data/opt/Xilinx/Vivado/2018.2/common/technology/xilinx/common/dsp48.gen 
Command       ap_source done; 0.16 sec.
Command     ap_source done; 0.16 sec.
Execute     open_platform DefaultPlatform 
Execute     import_lib /data/opt/Xilinx/Vivado/2018.2/common/technology/xilinx/zynq/zynq_fpv6 
Execute       source /data/opt/Xilinx/Vivado/2018.2/common/technology/xilinx/common/xilinx_fpv7.lib 
Execute         source /data/opt/Xilinx/Vivado/2018.2/common/technology/xilinx/common/xilinx_hp.lib 
Execute       source /data/opt/Xilinx/Vivado/2018.2/common/technology/xilinx/common/xilinx_fpv.hlp 
Execute         source /data/opt/Xilinx/Vivado/2018.2/common/technology/xilinx/common/xilinx.hlp 
Execute           source /data/opt/Xilinx/Vivado/2018.2/common/technology/xilinx/common/target_info.tcl 
Execute           source /data/opt/Xilinx/Vivado/2018.2/common/technology/xilinx/interface/xilinx_interface.hlp 
Execute             source /data/opt/Xilinx/Vivado/2018.2/common/technology/xilinx/interface/maxi.hlp 
Execute             source /data/opt/Xilinx/Vivado/2018.2/common/technology/xilinx/interface/saxilite.hlp 
Execute           source /data/opt/Xilinx/Vivado/2018.2/common/technology/xilinx/common/dsp48.hlp 
Execute       source /data/opt/Xilinx/Vivado/2018.2/common/technology/xilinx/zynq/zynq_hp.hlp 
Execute     source /data/opt/Xilinx/Vivado/2018.2/common/technology/xilinx/zynq/zynq_fpv6.gen 
Execute       source /data/opt/Xilinx/Vivado/2018.2/common/technology/xilinx/common/xilinx_fpv6.gen 
Execute     set_part xc7z020clg400-1 
Execute       add_library xilinx/zynq/zynq:xc7z020:clg400:-1 
Execute         get_default_platform 
Execute         license_isbetapart xc7z020 
Command         license_isbetapart done; error code: 1; 
Execute         get_default_platform 
Execute         config_chip_info -quiet -resource  {SLICE 13300}  {LUT 53200}     {FF 106400} {DSP48E 220}   {BRAM 280}  
Execute         config_chip_info -quiet -speed slow 
Execute       add_library xilinx/zynq/zynq_fpv6 
Execute         get_default_platform 
INFO: [HLS 200-10] Setting target device to 'xc7z020clg400-1'
Execute       get_default_platform 
Execute     get_default_platform 
Execute     config_chip_info -quiet -resource  {SLICE 13300}  {LUT 53200}     {FF 106400} {DSP48E 220}   {BRAM 280}  
Execute     config_chip_info -quiet -speed slow 
Command   open_solution done; 0.27 sec.
Execute   export_design -rtl verilog -format ip_catalog 
Execute     source /data/cdrewes/GPCP/designs/ip/coprocessor_hls/solution1/.autopilot/db/global.setting.tcl 
Execute     source /data/opt/Xilinx/Vivado/2018.2/common/technology/generic/autopilot/common.gen 
Execute       source /data/opt/Xilinx/Vivado/2018.2/common/technology/generic/autopilot/APCoreGen.gen 
Execute     source /data/opt/Xilinx/Vivado/2018.2/common/technology/generic/autopilot/op.gen 
Execute     source /data/opt/Xilinx/Vivado/2018.2/common/technology/generic/autopilot/op_simcore.gen 
Execute     source /data/opt/Xilinx/Vivado/2018.2/common/technology/generic/autopilot/interface.gen 
Execute     source /data/cdrewes/GPCP/designs/ip/coprocessor_hls/solution1/.autopilot/db/global.setting.tcl 
Execute     source /data/opt/Xilinx/Vivado/2018.2/common/technology/xilinx/zynq/zynq.gen 
Execute       source /data/opt/Xilinx/Vivado/2018.2/common/technology/xilinx/common/virtex.gen 
Execute         source /data/opt/Xilinx/Vivado/2018.2/common/technology/xilinx/common/xilinx.gen 
Execute           source /data/opt/Xilinx/Vivado/2018.2/common/technology/xilinx/interface/plb46.gen 
Execute           source /data/opt/Xilinx/Vivado/2018.2/common/technology/xilinx/interface/fsl.gen 
Execute           source /data/opt/Xilinx/Vivado/2018.2/common/technology/xilinx/interface/axi4.gen 
Execute           source /data/opt/Xilinx/Vivado/2018.2/common/technology/xilinx/interface/nativeAXI4.gen 
Execute             source /data/opt/Xilinx/Vivado/2018.2/common/technology/xilinx/interface/saxilite.gen 
Execute             source /data/opt/Xilinx/Vivado/2018.2/common/technology/xilinx/interface/maxi.gen 
Execute           source /data/opt/Xilinx/Vivado/2018.2/common/technology/xilinx/scripts/xilinxcoregen.gen 
Execute           source /data/opt/Xilinx/Vivado/2018.2/common/technology/xilinx/interface/XilEDKCoreGen.gen 
Execute           source /data/opt/Xilinx/Vivado/2018.2/common/technology/xilinx/ip/dds_compiler.gen 
Execute           source /data/opt/Xilinx/Vivado/2018.2/common/technology/xilinx/ip/util.gen 
Execute           source /data/opt/Xilinx/Vivado/2018.2/common/technology/xilinx/ip/xfft.gen 
Command           ap_source done; 0.12 sec.
Execute           source /data/opt/Xilinx/Vivado/2018.2/common/technology/xilinx/ip/xfir.gen 
Command         ap_source done; 0.17 sec.
Execute         source /data/opt/Xilinx/Vivado/2018.2/common/technology/xilinx/common/dsp48.gen 
Command       ap_source done; 0.18 sec.
Command     ap_source done; 0.18 sec.
Execute     source /data/opt/Xilinx/Vivado/2018.2/common/technology/xilinx/zynq/zynq_fpv6.gen 
Execute       source /data/opt/Xilinx/Vivado/2018.2/common/technology/xilinx/common/xilinx_fpv6.gen 
Execute     source /data/cdrewes/GPCP/designs/ip/coprocessor_hls/solution1/.autopilot/db/global.setting.tcl 
INFO: [IMPL 213-8] Exporting RTL as a Vivado IP.
Execute     source /data/cdrewes/GPCP/designs/ip/coprocessor_hls/solution1/.autopilot/db/global.setting.tcl 
Execute     get_config_sdx -target 
Execute     source /data/cdrewes/GPCP/designs/ip/coprocessor_hls/solution1/.autopilot/db/global.setting.tcl 
Execute     source /data/opt/Xilinx/Vivado/2018.2/common/technology/generic/autopilot/common.gen 
Execute       source /data/opt/Xilinx/Vivado/2018.2/common/technology/generic/autopilot/APCoreGen.gen 
Execute     source /data/opt/Xilinx/Vivado/2018.2/common/technology/generic/autopilot/op.gen 
Execute     source /data/opt/Xilinx/Vivado/2018.2/common/technology/generic/autopilot/op_simcore.gen 
Execute     source /data/opt/Xilinx/Vivado/2018.2/common/technology/generic/autopilot/interface.gen 
Execute     source /data/cdrewes/GPCP/designs/ip/coprocessor_hls/solution1/.autopilot/db/global.setting.tcl 
Execute     source /data/opt/Xilinx/Vivado/2018.2/common/technology/xilinx/zynq/zynq.gen 
Execute       source /data/opt/Xilinx/Vivado/2018.2/common/technology/xilinx/common/virtex.gen 
Execute         source /data/opt/Xilinx/Vivado/2018.2/common/technology/xilinx/common/xilinx.gen 
Execute           source /data/opt/Xilinx/Vivado/2018.2/common/technology/xilinx/interface/plb46.gen 
Execute           source /data/opt/Xilinx/Vivado/2018.2/common/technology/xilinx/interface/fsl.gen 
Execute           source /data/opt/Xilinx/Vivado/2018.2/common/technology/xilinx/interface/axi4.gen 
Execute           source /data/opt/Xilinx/Vivado/2018.2/common/technology/xilinx/interface/nativeAXI4.gen 
Execute             source /data/opt/Xilinx/Vivado/2018.2/common/technology/xilinx/interface/saxilite.gen 
Execute             source /data/opt/Xilinx/Vivado/2018.2/common/technology/xilinx/interface/maxi.gen 
Execute           source /data/opt/Xilinx/Vivado/2018.2/common/technology/xilinx/scripts/xilinxcoregen.gen 
Execute           source /data/opt/Xilinx/Vivado/2018.2/common/technology/xilinx/interface/XilEDKCoreGen.gen 
Execute           source /data/opt/Xilinx/Vivado/2018.2/common/technology/xilinx/ip/dds_compiler.gen 
Execute           source /data/opt/Xilinx/Vivado/2018.2/common/technology/xilinx/ip/util.gen 
Execute           source /data/opt/Xilinx/Vivado/2018.2/common/technology/xilinx/ip/xfft.gen 
Command           ap_source done; 0.13 sec.
Execute           source /data/opt/Xilinx/Vivado/2018.2/common/technology/xilinx/ip/xfir.gen 
Command         ap_source done; 0.19 sec.
Execute         source /data/opt/Xilinx/Vivado/2018.2/common/technology/xilinx/common/dsp48.gen 
Command       ap_source done; 0.19 sec.
Command     ap_source done; 0.19 sec.
Execute     source /data/opt/Xilinx/Vivado/2018.2/common/technology/xilinx/zynq/zynq_fpv6.gen 
Execute       source /data/opt/Xilinx/Vivado/2018.2/common/technology/xilinx/common/xilinx_fpv6.gen 
Execute     source /data/cdrewes/GPCP/designs/ip/coprocessor_hls/solution1/.autopilot/db/coprocessor.rtl_wrap.cfg.tcl 
Execute     source /data/cdrewes/GPCP/designs/ip/coprocessor_hls/solution1/.autopilot/db/coprocessor.rtl_wrap.cfg.tcl 
Execute     source /data/cdrewes/GPCP/designs/ip/coprocessor_hls/solution1/.autopilot/db/coprocessor.rtl_wrap.cfg.tcl 
Execute     source /data/cdrewes/GPCP/designs/ip/coprocessor_hls/solution1/.autopilot/db/coprocessor.tbgen.tcl 
Execute     source /data/cdrewes/GPCP/designs/ip/coprocessor_hls/solution1/.autopilot/db/coprocessor.tbgen.tcl 
Execute     source /data/cdrewes/GPCP/designs/ip/coprocessor_hls/solution1/.autopilot/db/global.setting.tcl 
Execute     source /data/cdrewes/GPCP/designs/ip/coprocessor_hls/solution1/.autopilot/db/coprocessor.compgen.tcl 
Execute     source /data/cdrewes/GPCP/designs/ip/coprocessor_hls/solution1/.autopilot/db/global.setting.tcl 
Execute     source /data/cdrewes/GPCP/designs/ip/coprocessor_hls/solution1/.autopilot/db/coprocessor.compgen.tcl 
Execute     source /data/cdrewes/GPCP/designs/ip/coprocessor_hls/solution1/.autopilot/db/global.setting.tcl 
Execute     source /data/cdrewes/GPCP/designs/ip/coprocessor_hls/solution1/.autopilot/db/coprocessor.compgen.tcl 
Execute     source /data/cdrewes/GPCP/designs/ip/coprocessor_hls/solution1/.autopilot/db/global.setting.tcl 
Execute     source /data/cdrewes/GPCP/designs/ip/coprocessor_hls/solution1/.autopilot/db/coprocessor.constraint.tcl 
Execute     source /data/cdrewes/GPCP/designs/ip/coprocessor_hls/solution1/.autopilot/db/global.setting.tcl 
Execute     source /data/cdrewes/GPCP/designs/ip/coprocessor_hls/solution1/.autopilot/db/coprocessor.tbgen.tcl 
Execute     source /data/cdrewes/GPCP/designs/ip/coprocessor_hls/solution1/.autopilot/db/global.setting.tcl 
Execute     source /data/cdrewes/GPCP/designs/ip/coprocessor_hls/solution1/.autopilot/db/global.setting.tcl 
Execute     source /data/cdrewes/GPCP/designs/ip/coprocessor_hls/solution1/.autopilot/db/coprocessor.rtl_wrap.cfg.tcl 
Execute     source /data/cdrewes/GPCP/designs/ip/coprocessor_hls/solution1/.autopilot/db/coprocessor.rtl_wrap.cfg.tcl 
Execute     source /data/cdrewes/GPCP/designs/ip/coprocessor_hls/solution1/.autopilot/db/coprocessor.rtl_wrap.cfg.tcl 
Execute     source /data/cdrewes/GPCP/designs/ip/coprocessor_hls/solution1/.autopilot/db/coprocessor.tbgen.tcl 
Execute     source /data/cdrewes/GPCP/designs/ip/coprocessor_hls/solution1/.autopilot/db/coprocessor.tbgen.tcl 
Execute     source /data/cdrewes/GPCP/designs/ip/coprocessor_hls/solution1/.autopilot/db/coprocessor.tbgen.tcl 
Execute     source /data/cdrewes/GPCP/designs/ip/coprocessor_hls/solution1/.autopilot/db/coprocessor.rtl_wrap.cfg.tcl 
Execute     source /data/cdrewes/GPCP/designs/ip/coprocessor_hls/solution1/.autopilot/db/coprocessor.rtl_wrap.cfg.tcl 
Execute     source /data/cdrewes/GPCP/designs/ip/coprocessor_hls/solution1/.autopilot/db/coprocessor.rtl_wrap.cfg.tcl 
Execute     source /data/cdrewes/GPCP/designs/ip/coprocessor_hls/solution1/.autopilot/db/coprocessor.tbgen.tcl 
Execute     source /data/cdrewes/GPCP/designs/ip/coprocessor_hls/solution1/.autopilot/db/coprocessor.tbgen.tcl 
Execute     source /data/cdrewes/GPCP/designs/ip/coprocessor_hls/solution1/.autopilot/db/global.setting.tcl 
Execute     source /data/cdrewes/GPCP/designs/ip/coprocessor_hls/solution1/.autopilot/db/coprocessor.constraint.tcl 
Execute     source /data/cdrewes/GPCP/designs/ip/coprocessor_hls/solution1/.autopilot/db/global.setting.tcl 
Execute     source /data/cdrewes/GPCP/designs/ip/coprocessor_hls/solution1/.autopilot/db/global.setting.tcl 
Execute     source /data/cdrewes/GPCP/designs/ip/coprocessor_hls/solution1/.autopilot/db/coprocessor.constraint.tcl 
Execute     source /data/cdrewes/GPCP/designs/ip/coprocessor_hls/solution1/.autopilot/db/global.setting.tcl 
Execute     source /data/cdrewes/GPCP/designs/ip/coprocessor_hls/solution1/.autopilot/db/coprocessor.constraint.tcl 
Execute     source /data/cdrewes/GPCP/designs/ip/coprocessor_hls/solution1/.autopilot/db/global.setting.tcl 
Execute     source /data/opt/Xilinx/Vivado/2018.2/common/technology/generic/autopilot/common.gen 
Execute       source /data/opt/Xilinx/Vivado/2018.2/common/technology/generic/autopilot/APCoreGen.gen 
Execute     source /data/opt/Xilinx/Vivado/2018.2/common/technology/generic/autopilot/op.gen 
Execute     source /data/opt/Xilinx/Vivado/2018.2/common/technology/generic/autopilot/op_simcore.gen 
Execute     source /data/opt/Xilinx/Vivado/2018.2/common/technology/generic/autopilot/interface.gen 
Execute     source /data/cdrewes/GPCP/designs/ip/coprocessor_hls/solution1/.autopilot/db/global.setting.tcl 
Execute     source /data/opt/Xilinx/Vivado/2018.2/common/technology/xilinx/zynq/zynq.gen 
Execute       source /data/opt/Xilinx/Vivado/2018.2/common/technology/xilinx/common/virtex.gen 
Execute         source /data/opt/Xilinx/Vivado/2018.2/common/technology/xilinx/common/xilinx.gen 
Execute           source /data/opt/Xilinx/Vivado/2018.2/common/technology/xilinx/interface/plb46.gen 
Execute           source /data/opt/Xilinx/Vivado/2018.2/common/technology/xilinx/interface/fsl.gen 
Execute           source /data/opt/Xilinx/Vivado/2018.2/common/technology/xilinx/interface/axi4.gen 
Execute           source /data/opt/Xilinx/Vivado/2018.2/common/technology/xilinx/interface/nativeAXI4.gen 
Execute             source /data/opt/Xilinx/Vivado/2018.2/common/technology/xilinx/interface/saxilite.gen 
Execute             source /data/opt/Xilinx/Vivado/2018.2/common/technology/xilinx/interface/maxi.gen 
Execute           source /data/opt/Xilinx/Vivado/2018.2/common/technology/xilinx/scripts/xilinxcoregen.gen 
Execute           source /data/opt/Xilinx/Vivado/2018.2/common/technology/xilinx/interface/XilEDKCoreGen.gen 
Execute           source /data/opt/Xilinx/Vivado/2018.2/common/technology/xilinx/ip/dds_compiler.gen 
Execute           source /data/opt/Xilinx/Vivado/2018.2/common/technology/xilinx/ip/util.gen 
Execute           source /data/opt/Xilinx/Vivado/2018.2/common/technology/xilinx/ip/xfft.gen 
Execute           source /data/opt/Xilinx/Vivado/2018.2/common/technology/xilinx/ip/xfir.gen 
Command         ap_source done; 0.12 sec.
Execute         source /data/opt/Xilinx/Vivado/2018.2/common/technology/xilinx/common/dsp48.gen 
Command       ap_source done; 0.12 sec.
Command     ap_source done; 0.12 sec.
Execute     source /data/opt/Xilinx/Vivado/2018.2/common/technology/xilinx/zynq/zynq_fpv6.gen 
Execute       source /data/opt/Xilinx/Vivado/2018.2/common/technology/xilinx/common/xilinx_fpv6.gen 
Command   export_design done; 9.83 sec.
Command ap_source done; 10.1 sec.
Execute cleanup_all 
