INFO: [HLS 200-10] Running '/data/opt/Xilinx/Vivado/2018.2/bin/unwrapped/lnx64.o/vivado_hls'
INFO: [HLS 200-10] For user 'cdrewes' on host 'fabricant' (Linux_x86_64 version 4.4.0-127-generic) on Mon Sep 27 21:02:15 PDT 2021
INFO: [HLS 200-10] On os Linux Mint 18 Sarah
INFO: [HLS 200-10] In directory '/data/cdrewes/GPCP/designs/ip'
INFO: [HLS 200-10] Opening project '/data/cdrewes/GPCP/designs/ip/coprocessor_hls'.
INFO: [HLS 200-10] Opening solution '/data/cdrewes/GPCP/designs/ip/coprocessor_hls/solution1'.
INFO: [SYN 201-201] Setting up clock 'default' with a period of 10ns.
INFO: [HLS 200-10] Setting target device to 'xc7z020clg400-1'
INFO: [IMPL 213-8] Exporting RTL as a Vivado IP.

****** Vivado v2018.2 (64-bit)
  **** SW Build 2258646 on Thu Jun 14 20:02:38 MDT 2018
  **** IP Build 2256618 on Thu Jun 14 22:10:49 MDT 2018
    ** Copyright 1986-2018 Xilinx, Inc. All Rights Reserved.

Sourcing tcl script '/home/cdrewes/.Xilinx/Vivado/Vivado_init.tcl'
no such variable
    (read trace on "::env(HDK_SHELL_DIR)")
    invoked from within
"source $::env(HDK_SHELL_DIR)/hlx/hlx_setup.tcl"
    (file "/home/cdrewes/.Xilinx/Vivado/Vivado_init.tcl" line 1)
source run_ippack.tcl -notrace
INFO: [Common 17-206] Exiting Vivado at Mon Sep 27 21:02:25 2021...
